[debug] [2021-01-22T09:09:45.118Z] ----------------------------------------------------------------------
[debug] [2021-01-22T09:09:45.146Z] Command:       C:\Program Files\nodejs\node.exe C:\Users\Revanthreddy\AppData\Roaming\npm\node_modules\firebase-tools\lib\bin\firebase.js init
[debug] [2021-01-22T09:09:45.146Z] CLI Version:   9.1.2
[debug] [2021-01-22T09:09:45.146Z] Platform:      win32
[debug] [2021-01-22T09:09:45.146Z] Node Version:  v14.15.4
[debug] [2021-01-22T09:09:45.283Z] Time:          Fri Jan 22 2021 14:39:45 GMT+0530 (India Standard Time)
[debug] [2021-01-22T09:09:45.283Z] ----------------------------------------------------------------------
[debug] [2021-01-22T09:09:45.284Z] 
[debug] [2021-01-22T09:09:45.304Z] >>> [apiv2][query] GET https://firebase-public.firebaseio.com/cli.json [none]
[debug] [2021-01-22T09:09:45.333Z] > command requires scopes: ["email","openid","https://www.googleapis.com/auth/cloudplatformprojects.readonly","https://www.googleapis.com/auth/firebase","https://www.googleapis.com/auth/cloud-platform"]
[debug] [2021-01-22T09:09:45.334Z] > authorizing via signed-in user
[info] 
     ######## #### ########  ######## ########     ###     ######  ########
     ##        ##  ##     ## ##       ##     ##  ##   ##  ##       ##
     ######    ##  ########  ######   ########  #########  ######  ######
     ##        ##  ##    ##  ##       ##     ## ##     ##       ## ##
     ##       #### ##     ## ######## ########  ##     ##  ######  ########

You're about to initialize a Firebase project in this directory:

  C:\Users\Revanthreddy\PycharmProjects\realtimedb

[debug] [2021-01-22T09:09:47.086Z] <<< [apiv2][status] GET https://firebase-public.firebaseio.com/cli.json 200
[debug] [2021-01-22T09:09:47.087Z] <<< [apiv2][body] GET https://firebase-public.firebaseio.com/cli.json {"cloudBuildErrorAfter":1594252800000,"cloudBuildWarnAfter":1590019200000,"defaultNode10After":1594252800000,"minVersion":"3.0.5","node8DeploysDisabledAfter":1613390400000,"node8RuntimeDisabledAfter":1615809600000,"node8WarnAfter":1600128000000}
